#! /usr/bin/vvp
:ivl_version "10.1 (stable)";
:ivl_delay_selection "TYPICAL";
:vpi_time_precision - 12;
:vpi_module "system";
:vpi_module "vhdl_sys";
:vpi_module "v2005_math";
:vpi_module "va_math";
S_0x556b8d975f30 .scope module, "k053327_D20" "k053327_D20" 2 7;
 .timescale -9 -12;
    .port_info 0 /INPUT 1 "i1"
    .port_info 1 /INPUT 1 "i2"
    .port_info 2 /INPUT 1 "i3"
    .port_info 3 /INPUT 1 "i4"
    .port_info 4 /INPUT 1 "i5"
    .port_info 5 /INPUT 1 "i6"
    .port_info 6 /INPUT 1 "i7"
    .port_info 7 /INPUT 1 "i8"
    .port_info 8 /INPUT 1 "i9"
    .port_info 9 /INPUT 1 "i11"
    .port_info 10 /INPUT 1 "i13"
    .port_info 11 /INPUT 1 "i16"
    .port_info 12 /OUTPUT 1 "o12"
    .port_info 13 /OUTPUT 1 "o14"
    .port_info 14 /OUTPUT 1 "o15"
    .port_info 15 /OUTPUT 1 "o17"
    .port_info 16 /OUTPUT 1 "o18"
    .port_info 17 /OUTPUT 1 "o19"
P_0x556b8d966650 .param/l "COMBDLY" 0 2 11, +C4<00000000000000000000000000011001>;
o0x7fa58c6141e8 .functor BUFZ 1, C4<z>; HiZ drive
L_0x556b8d956610 .functor NOT 1, o0x7fa58c6141e8, C4<0>, C4<0>, C4<0>;
o0x7fa58c6142d8 .functor BUFZ 1, C4<z>; HiZ drive
L_0x556b8d99c210 .functor NOT 1, o0x7fa58c6142d8, C4<0>, C4<0>, C4<0>;
L_0x556b8d99c280 .functor AND 1, L_0x556b8d956610, L_0x556b8d99c210, C4<1>, C4<1>;
o0x7fa58c614308 .functor BUFZ 1, C4<z>; HiZ drive
L_0x556b8d99c370 .functor NOT 1, o0x7fa58c614308, C4<0>, C4<0>, C4<0>;
L_0x556b8d99c410 .functor AND 1, L_0x556b8d99c280, L_0x556b8d99c370, C4<1>, C4<1>;
o0x7fa58c614338 .functor BUFZ 1, C4<z>; HiZ drive
L_0x556b8d99c550 .functor NOT 1, o0x7fa58c614338, C4<0>, C4<0>, C4<0>;
L_0x556b8d99c600 .functor AND 1, L_0x556b8d99c410, L_0x556b8d99c550, C4<1>, C4<1>;
o0x7fa58c614368 .functor BUFZ 1, C4<z>; HiZ drive
L_0x556b8d99c710 .functor NOT 1, o0x7fa58c614368, C4<0>, C4<0>, C4<0>;
L_0x556b8d99c7d0 .functor AND 1, L_0x556b8d99c600, L_0x556b8d99c710, C4<1>, C4<1>;
o0x7fa58c614398 .functor BUFZ 1, C4<z>; HiZ drive
L_0x556b8d99c910 .functor NOT 1, o0x7fa58c614398, C4<0>, C4<0>, C4<0>;
L_0x556b8d99c9e0 .functor AND 1, L_0x556b8d99c7d0, L_0x556b8d99c910, C4<1>, C4<1>;
o0x7fa58c6143f8 .functor BUFZ 1, C4<z>; HiZ drive
L_0x556b8d99cad0 .functor NOT 1, o0x7fa58c6143f8, C4<0>, C4<0>, C4<0>;
L_0x556b8d99cbb0 .functor AND 1, L_0x556b8d99c9e0, L_0x556b8d99cad0, C4<1>, C4<1>;
o0x7fa58c614218 .functor BUFZ 1, C4<z>; HiZ drive
L_0x556b8d99ccf0 .functor NOT 1, o0x7fa58c614218, C4<0>, C4<0>, C4<0>;
L_0x556b8d99cb40 .functor AND 1, L_0x556b8d99cbb0, L_0x556b8d99ccf0, C4<1>, C4<1>;
o0x7fa58c614278 .functor BUFZ 1, C4<z>; HiZ drive
L_0x556b8d99ceb0 .functor NOT 1, o0x7fa58c614278, C4<0>, C4<0>, C4<0>;
L_0x556b8d99cfb0 .functor AND 1, L_0x556b8d99cb40, L_0x556b8d99ceb0, C4<1>, C4<1>;
L_0x556b8d99d0f0 .functor NOT 1, o0x7fa58c6141e8, C4<0>, C4<0>, C4<0>;
L_0x556b8d99d250 .functor NOT 1, o0x7fa58c6142d8, C4<0>, C4<0>, C4<0>;
L_0x556b8d99d310 .functor AND 1, L_0x556b8d99d0f0, L_0x556b8d99d250, C4<1>, C4<1>;
L_0x556b8d99d4d0 .functor AND 1, L_0x556b8d99d310, o0x7fa58c614308, C4<1>, C4<1>;
L_0x556b8d99d5e0 .functor NOT 1, o0x7fa58c614278, C4<0>, C4<0>, C4<0>;
L_0x556b8d99d760 .functor AND 1, L_0x556b8d99d4d0, L_0x556b8d99d5e0, C4<1>, C4<1>;
L_0x556b8d99d870 .functor OR 1, L_0x556b8d99cfb0, L_0x556b8d99d760, C4<0>, C4<0>;
L_0x556b8d99da50 .functor NOT 1, o0x7fa58c6141e8, C4<0>, C4<0>, C4<0>;
o0x7fa58c6142a8 .functor BUFZ 1, C4<z>; HiZ drive
L_0x556b8d99dac0 .functor NOT 1, o0x7fa58c6142a8, C4<0>, C4<0>, C4<0>;
L_0x556b8d99dc10 .functor AND 1, L_0x556b8d99da50, L_0x556b8d99dac0, C4<1>, C4<1>;
L_0x556b8d99dd20 .functor AND 1, L_0x556b8d99dc10, L_0x556b8d99ed60, C4<1>, C4<1>;
L_0x556b8d99ded0 .functor AND 1, L_0x556b8d99dd20, L_0x556b8d9a1710, C4<1>, C4<1>;
L_0x556b8d99df90 .functor OR 1, L_0x556b8d99d870, L_0x556b8d99ded0, C4<0>, C4<0>;
L_0x556b8d99e1a0/d .functor NOT 1, L_0x556b8d99df90, C4<0>, C4<0>, C4<0>;
L_0x556b8d99e1a0 .delay 1 (25000,25000,25000) L_0x556b8d99e1a0/d;
L_0x556b8d99e300 .functor AND 1, o0x7fa58c614338, o0x7fa58c614368, C4<1>, C4<1>;
L_0x556b8d99e520 .functor AND 1, L_0x556b8d99e300, o0x7fa58c614398, C4<1>, C4<1>;
L_0x556b8d99e630 .functor NOT 1, o0x7fa58c6143f8, C4<0>, C4<0>, C4<0>;
L_0x556b8d99e810 .functor AND 1, L_0x556b8d99e520, L_0x556b8d99e630, C4<1>, C4<1>;
o0x7fa58c614248 .functor BUFZ 1, C4<z>; HiZ drive
L_0x556b8d99e920 .functor NOT 1, o0x7fa58c614248, C4<0>, C4<0>, C4<0>;
L_0x556b8d99e6f0 .functor AND 1, L_0x556b8d99e810, L_0x556b8d99e920, C4<1>, C4<1>;
L_0x556b8d99eac0/d .functor NOT 1, L_0x556b8d99e6f0, C4<0>, C4<0>, C4<0>;
L_0x556b8d99eac0 .delay 1 (25000,25000,25000) L_0x556b8d99eac0/d;
L_0x556b8d99ed60 .functor BUFZ 1, L_0x556b8d99eac0, C4<0>, C4<0>, C4<0>;
L_0x556b8d99ee70 .functor NOT 1, o0x7fa58c6141e8, C4<0>, C4<0>, C4<0>;
L_0x556b8d99f030 .functor NOT 1, o0x7fa58c6142d8, C4<0>, C4<0>, C4<0>;
L_0x556b8d99f0a0 .functor AND 1, L_0x556b8d99ee70, L_0x556b8d99f030, C4<1>, C4<1>;
L_0x556b8d99f2c0 .functor NOT 1, o0x7fa58c614308, C4<0>, C4<0>, C4<0>;
L_0x556b8d99f330 .functor AND 1, L_0x556b8d99f0a0, L_0x556b8d99f2c0, C4<1>, C4<1>;
L_0x556b8d99f5b0 .functor NOT 1, o0x7fa58c614338, C4<0>, C4<0>, C4<0>;
L_0x556b8d99f620 .functor AND 1, L_0x556b8d99f330, L_0x556b8d99f5b0, C4<1>, C4<1>;
L_0x556b8d99f8b0 .functor NOT 1, o0x7fa58c614368, C4<0>, C4<0>, C4<0>;
L_0x556b8d99f920 .functor AND 1, L_0x556b8d99f620, L_0x556b8d99f8b0, C4<1>, C4<1>;
L_0x556b8d99fbc0 .functor NOT 1, o0x7fa58c614398, C4<0>, C4<0>, C4<0>;
L_0x556b8d99fc30 .functor AND 1, L_0x556b8d99f920, L_0x556b8d99fbc0, C4<1>, C4<1>;
L_0x556b8d99fee0 .functor NOT 1, o0x7fa58c6143f8, C4<0>, C4<0>, C4<0>;
L_0x556b8d99ff50 .functor AND 1, L_0x556b8d99fc30, L_0x556b8d99fee0, C4<1>, C4<1>;
L_0x556b8d9a0210 .functor NOT 1, o0x7fa58c614218, C4<0>, C4<0>, C4<0>;
L_0x556b8d9a02d0 .functor AND 1, L_0x556b8d99ff50, L_0x556b8d9a0210, C4<1>, C4<1>;
L_0x556b8d9a05a0 .functor NOT 1, o0x7fa58c614278, C4<0>, C4<0>, C4<0>;
L_0x556b8d9a0610 .functor AND 1, L_0x556b8d9a02d0, L_0x556b8d9a05a0, C4<1>, C4<1>;
L_0x556b8d9a08f0 .functor NOT 1, o0x7fa58c6141e8, C4<0>, C4<0>, C4<0>;
L_0x556b8d9a0960 .functor NOT 1, o0x7fa58c6142d8, C4<0>, C4<0>, C4<0>;
L_0x556b8d9a0bb0 .functor AND 1, L_0x556b8d9a08f0, L_0x556b8d9a0960, C4<1>, C4<1>;
L_0x556b8d9a0c70 .functor AND 1, L_0x556b8d9a0bb0, o0x7fa58c614308, C4<1>, C4<1>;
L_0x556b8d9a0f20 .functor NOT 1, o0x7fa58c614278, C4<0>, C4<0>, C4<0>;
L_0x556b8d9a1020 .functor AND 1, L_0x556b8d9a0c70, L_0x556b8d9a0f20, C4<1>, C4<1>;
L_0x556b8d9a1290 .functor OR 1, L_0x556b8d9a0610, L_0x556b8d9a1020, C4<0>, C4<0>;
L_0x556b8d9a13a0/d .functor NOT 1, L_0x556b8d9a1290, C4<0>, C4<0>, C4<0>;
L_0x556b8d9a13a0 .delay 1 (25000,25000,25000) L_0x556b8d9a13a0/d;
L_0x556b8d9a1710 .functor BUFZ 1, L_0x556b8d9a13a0, C4<0>, C4<0>, C4<0>;
L_0x556b8d9a1820 .functor NOT 1, o0x7fa58c6141e8, C4<0>, C4<0>, C4<0>;
o0x7fa58c6143c8 .functor BUFZ 1, C4<z>; HiZ drive
L_0x556b8d9a1ab0 .functor NOT 1, o0x7fa58c6143c8, C4<0>, C4<0>, C4<0>;
L_0x556b8d9a1b20 .functor AND 1, L_0x556b8d9a1820, L_0x556b8d9a1ab0, C4<1>, C4<1>;
L_0x556b8d9a1e60/d .functor NOT 1, L_0x556b8d9a1b20, C4<0>, C4<0>, C4<0>;
L_0x556b8d9a1e60 .delay 1 (25000,25000,25000) L_0x556b8d9a1e60/d;
L_0x556b8d9a1fc0 .functor NOT 1, o0x7fa58c6141e8, C4<0>, C4<0>, C4<0>;
L_0x556b8d9a2270 .functor NOT 1, o0x7fa58c6142a8, C4<0>, C4<0>, C4<0>;
L_0x556b8d9a2330 .functor AND 1, L_0x556b8d9a1fc0, L_0x556b8d9a2270, C4<1>, C4<1>;
L_0x556b8d9a2690 .functor AND 1, L_0x556b8d9a2330, o0x7fa58c6143c8, C4<1>, C4<1>;
L_0x556b8d9a27a0 .functor AND 1, L_0x556b8d9a2690, L_0x556b8d99ed60, C4<1>, C4<1>;
L_0x556b8d9a2ac0 .functor AND 1, L_0x556b8d9a27a0, L_0x556b8d9a1710, C4<1>, C4<1>;
L_0x556b8d9a2b80/d .functor NOT 1, L_0x556b8d9a2ac0, C4<0>, C4<0>, C4<0>;
L_0x556b8d9a2b80 .delay 1 (25000,25000,25000) L_0x556b8d9a2b80/d;
L_0x556b8d9a2f50 .functor NOT 1, o0x7fa58c6141e8, C4<0>, C4<0>, C4<0>;
L_0x556b8d9a2fc0 .functor NOT 1, o0x7fa58c6142d8, C4<0>, C4<0>, C4<0>;
L_0x556b8d9a32b0 .functor AND 1, L_0x556b8d9a2f50, L_0x556b8d9a2fc0, C4<1>, C4<1>;
L_0x556b8d9a33c0 .functor NOT 1, o0x7fa58c614308, C4<0>, C4<0>, C4<0>;
L_0x556b8d9a36c0 .functor AND 1, L_0x556b8d9a32b0, L_0x556b8d9a33c0, C4<1>, C4<1>;
L_0x556b8d9a37d0 .functor NOT 1, o0x7fa58c614338, C4<0>, C4<0>, C4<0>;
L_0x556b8d9a3ae0 .functor AND 1, L_0x556b8d9a36c0, L_0x556b8d9a37d0, C4<1>, C4<1>;
L_0x556b8d9a3ba0 .functor NOT 1, o0x7fa58c614368, C4<0>, C4<0>, C4<0>;
L_0x556b8d9a3f50 .functor AND 1, L_0x556b8d9a3ae0, L_0x556b8d9a3ba0, C4<1>, C4<1>;
L_0x556b8d9a4010 .functor NOT 1, o0x7fa58c614398, C4<0>, C4<0>, C4<0>;
L_0x556b8d9a43d0 .functor AND 1, L_0x556b8d9a3f50, L_0x556b8d9a4010, C4<1>, C4<1>;
L_0x556b8d9a4490 .functor NOT 1, o0x7fa58c6143f8, C4<0>, C4<0>, C4<0>;
L_0x556b8d9a4860 .functor AND 1, L_0x556b8d9a43d0, L_0x556b8d9a4490, C4<1>, C4<1>;
L_0x556b8d9a4920 .functor NOT 1, o0x7fa58c614218, C4<0>, C4<0>, C4<0>;
L_0x556b8d9a4c70 .functor AND 1, L_0x556b8d9a4860, L_0x556b8d9a4920, C4<1>, C4<1>;
L_0x556b8d9a4d80 .functor NOT 1, o0x7fa58c614278, C4<0>, C4<0>, C4<0>;
L_0x556b8d9a50e0 .functor AND 1, L_0x556b8d9a4c70, L_0x556b8d9a4d80, C4<1>, C4<1>;
L_0x556b8d9a51f0 .functor NOT 1, o0x7fa58c6141e8, C4<0>, C4<0>, C4<0>;
L_0x556b8d9a5560 .functor NOT 1, o0x7fa58c6142d8, C4<0>, C4<0>, C4<0>;
L_0x556b8d9a55d0 .functor AND 1, L_0x556b8d9a51f0, L_0x556b8d9a5560, C4<1>, C4<1>;
L_0x556b8d9a59f0 .functor AND 1, L_0x556b8d9a55d0, o0x7fa58c614308, C4<1>, C4<1>;
L_0x556b8d9a5ab0 .functor NOT 1, o0x7fa58c614278, C4<0>, C4<0>, C4<0>;
L_0x556b8d9a5e40 .functor AND 1, L_0x556b8d9a59f0, L_0x556b8d9a5ab0, C4<1>, C4<1>;
L_0x556b8d9a5f50 .functor OR 1, L_0x556b8d9a50e0, L_0x556b8d9a5e40, C4<0>, C4<0>;
L_0x556b8d9a6390/d .functor NOT 1, L_0x556b8d9a5f50, C4<0>, C4<0>, C4<0>;
L_0x556b8d9a6390 .delay 1 (25000,25000,25000) L_0x556b8d9a6390/d;
v0x556b8d966a30_0 .net *"_s0", 0 0, L_0x556b8d956610;  1 drivers
v0x556b8d995b50_0 .net *"_s10", 0 0, L_0x556b8d99c550;  1 drivers
v0x556b8d995c30_0 .net *"_s100", 0 0, L_0x556b8d99fee0;  1 drivers
v0x556b8d995cf0_0 .net *"_s102", 0 0, L_0x556b8d99ff50;  1 drivers
v0x556b8d995dd0_0 .net *"_s104", 0 0, L_0x556b8d9a0210;  1 drivers
v0x556b8d995f00_0 .net *"_s106", 0 0, L_0x556b8d9a02d0;  1 drivers
v0x556b8d995fe0_0 .net *"_s108", 0 0, L_0x556b8d9a05a0;  1 drivers
v0x556b8d9960c0_0 .net *"_s110", 0 0, L_0x556b8d9a0610;  1 drivers
v0x556b8d9961a0_0 .net *"_s112", 0 0, L_0x556b8d9a08f0;  1 drivers
v0x556b8d996280_0 .net *"_s114", 0 0, L_0x556b8d9a0960;  1 drivers
v0x556b8d996360_0 .net *"_s116", 0 0, L_0x556b8d9a0bb0;  1 drivers
v0x556b8d996440_0 .net *"_s118", 0 0, L_0x556b8d9a0c70;  1 drivers
v0x556b8d996520_0 .net *"_s12", 0 0, L_0x556b8d99c600;  1 drivers
v0x556b8d996600_0 .net *"_s120", 0 0, L_0x556b8d9a0f20;  1 drivers
v0x556b8d9966e0_0 .net *"_s122", 0 0, L_0x556b8d9a1020;  1 drivers
v0x556b8d9967c0_0 .net *"_s124", 0 0, L_0x556b8d9a1290;  1 drivers
v0x556b8d9968a0_0 .net *"_s130", 0 0, L_0x556b8d9a1820;  1 drivers
v0x556b8d996980_0 .net *"_s132", 0 0, L_0x556b8d9a1ab0;  1 drivers
v0x556b8d996a60_0 .net *"_s134", 0 0, L_0x556b8d9a1b20;  1 drivers
v0x556b8d996b40_0 .net *"_s138", 0 0, L_0x556b8d9a1fc0;  1 drivers
v0x556b8d996c20_0 .net *"_s14", 0 0, L_0x556b8d99c710;  1 drivers
v0x556b8d996d00_0 .net *"_s140", 0 0, L_0x556b8d9a2270;  1 drivers
v0x556b8d996de0_0 .net *"_s142", 0 0, L_0x556b8d9a2330;  1 drivers
v0x556b8d996ec0_0 .net *"_s144", 0 0, L_0x556b8d9a2690;  1 drivers
v0x556b8d996fa0_0 .net *"_s146", 0 0, L_0x556b8d9a27a0;  1 drivers
v0x556b8d997080_0 .net *"_s148", 0 0, L_0x556b8d9a2ac0;  1 drivers
v0x556b8d997160_0 .net *"_s152", 0 0, L_0x556b8d9a2f50;  1 drivers
v0x556b8d997240_0 .net *"_s154", 0 0, L_0x556b8d9a2fc0;  1 drivers
v0x556b8d997320_0 .net *"_s156", 0 0, L_0x556b8d9a32b0;  1 drivers
v0x556b8d997400_0 .net *"_s158", 0 0, L_0x556b8d9a33c0;  1 drivers
v0x556b8d9974e0_0 .net *"_s16", 0 0, L_0x556b8d99c7d0;  1 drivers
v0x556b8d9975c0_0 .net *"_s160", 0 0, L_0x556b8d9a36c0;  1 drivers
v0x556b8d9976a0_0 .net *"_s162", 0 0, L_0x556b8d9a37d0;  1 drivers
v0x556b8d997780_0 .net *"_s164", 0 0, L_0x556b8d9a3ae0;  1 drivers
v0x556b8d997860_0 .net *"_s166", 0 0, L_0x556b8d9a3ba0;  1 drivers
v0x556b8d997940_0 .net *"_s168", 0 0, L_0x556b8d9a3f50;  1 drivers
v0x556b8d997a20_0 .net *"_s170", 0 0, L_0x556b8d9a4010;  1 drivers
v0x556b8d997b00_0 .net *"_s172", 0 0, L_0x556b8d9a43d0;  1 drivers
v0x556b8d997be0_0 .net *"_s174", 0 0, L_0x556b8d9a4490;  1 drivers
v0x556b8d997cc0_0 .net *"_s176", 0 0, L_0x556b8d9a4860;  1 drivers
v0x556b8d997da0_0 .net *"_s178", 0 0, L_0x556b8d9a4920;  1 drivers
v0x556b8d997e80_0 .net *"_s18", 0 0, L_0x556b8d99c910;  1 drivers
v0x556b8d997f60_0 .net *"_s180", 0 0, L_0x556b8d9a4c70;  1 drivers
v0x556b8d998040_0 .net *"_s182", 0 0, L_0x556b8d9a4d80;  1 drivers
v0x556b8d998120_0 .net *"_s184", 0 0, L_0x556b8d9a50e0;  1 drivers
v0x556b8d998200_0 .net *"_s186", 0 0, L_0x556b8d9a51f0;  1 drivers
v0x556b8d9982e0_0 .net *"_s188", 0 0, L_0x556b8d9a5560;  1 drivers
v0x556b8d9983c0_0 .net *"_s190", 0 0, L_0x556b8d9a55d0;  1 drivers
v0x556b8d9984a0_0 .net *"_s192", 0 0, L_0x556b8d9a59f0;  1 drivers
v0x556b8d998580_0 .net *"_s194", 0 0, L_0x556b8d9a5ab0;  1 drivers
v0x556b8d998660_0 .net *"_s196", 0 0, L_0x556b8d9a5e40;  1 drivers
v0x556b8d998740_0 .net *"_s198", 0 0, L_0x556b8d9a5f50;  1 drivers
v0x556b8d998820_0 .net *"_s2", 0 0, L_0x556b8d99c210;  1 drivers
v0x556b8d998900_0 .net *"_s20", 0 0, L_0x556b8d99c9e0;  1 drivers
v0x556b8d9989e0_0 .net *"_s22", 0 0, L_0x556b8d99cad0;  1 drivers
v0x556b8d998ac0_0 .net *"_s24", 0 0, L_0x556b8d99cbb0;  1 drivers
v0x556b8d998ba0_0 .net *"_s26", 0 0, L_0x556b8d99ccf0;  1 drivers
v0x556b8d998c80_0 .net *"_s28", 0 0, L_0x556b8d99cb40;  1 drivers
v0x556b8d998d60_0 .net *"_s30", 0 0, L_0x556b8d99ceb0;  1 drivers
v0x556b8d998e40_0 .net *"_s32", 0 0, L_0x556b8d99cfb0;  1 drivers
v0x556b8d998f20_0 .net *"_s34", 0 0, L_0x556b8d99d0f0;  1 drivers
v0x556b8d999000_0 .net *"_s36", 0 0, L_0x556b8d99d250;  1 drivers
v0x556b8d9990e0_0 .net *"_s38", 0 0, L_0x556b8d99d310;  1 drivers
v0x556b8d9991c0_0 .net *"_s4", 0 0, L_0x556b8d99c280;  1 drivers
v0x556b8d9992a0_0 .net *"_s40", 0 0, L_0x556b8d99d4d0;  1 drivers
v0x556b8d999790_0 .net *"_s42", 0 0, L_0x556b8d99d5e0;  1 drivers
v0x556b8d999870_0 .net *"_s44", 0 0, L_0x556b8d99d760;  1 drivers
v0x556b8d999950_0 .net *"_s46", 0 0, L_0x556b8d99d870;  1 drivers
v0x556b8d999a30_0 .net *"_s48", 0 0, L_0x556b8d99da50;  1 drivers
v0x556b8d999b10_0 .net *"_s50", 0 0, L_0x556b8d99dac0;  1 drivers
v0x556b8d999bf0_0 .net *"_s52", 0 0, L_0x556b8d99dc10;  1 drivers
v0x556b8d999cd0_0 .net *"_s54", 0 0, L_0x556b8d99dd20;  1 drivers
v0x556b8d999db0_0 .net *"_s56", 0 0, L_0x556b8d99ded0;  1 drivers
v0x556b8d999e90_0 .net *"_s58", 0 0, L_0x556b8d99df90;  1 drivers
v0x556b8d999f70_0 .net *"_s6", 0 0, L_0x556b8d99c370;  1 drivers
v0x556b8d99a050_0 .net *"_s62", 0 0, L_0x556b8d99e300;  1 drivers
v0x556b8d99a130_0 .net *"_s64", 0 0, L_0x556b8d99e520;  1 drivers
v0x556b8d99a210_0 .net *"_s66", 0 0, L_0x556b8d99e630;  1 drivers
v0x556b8d99a2f0_0 .net *"_s68", 0 0, L_0x556b8d99e810;  1 drivers
v0x556b8d99a3d0_0 .net *"_s70", 0 0, L_0x556b8d99e920;  1 drivers
v0x556b8d99a4b0_0 .net *"_s72", 0 0, L_0x556b8d99e6f0;  1 drivers
v0x556b8d99a590_0 .net *"_s78", 0 0, L_0x556b8d99ee70;  1 drivers
v0x556b8d99a670_0 .net *"_s8", 0 0, L_0x556b8d99c410;  1 drivers
v0x556b8d99a750_0 .net *"_s80", 0 0, L_0x556b8d99f030;  1 drivers
v0x556b8d99a830_0 .net *"_s82", 0 0, L_0x556b8d99f0a0;  1 drivers
v0x556b8d99a910_0 .net *"_s84", 0 0, L_0x556b8d99f2c0;  1 drivers
v0x556b8d99a9f0_0 .net *"_s86", 0 0, L_0x556b8d99f330;  1 drivers
v0x556b8d99aad0_0 .net *"_s88", 0 0, L_0x556b8d99f5b0;  1 drivers
v0x556b8d99abb0_0 .net *"_s90", 0 0, L_0x556b8d99f620;  1 drivers
v0x556b8d99ac90_0 .net *"_s92", 0 0, L_0x556b8d99f8b0;  1 drivers
v0x556b8d99ad70_0 .net *"_s94", 0 0, L_0x556b8d99f920;  1 drivers
v0x556b8d99ae50_0 .net *"_s96", 0 0, L_0x556b8d99fbc0;  1 drivers
v0x556b8d99af30_0 .net *"_s98", 0 0, L_0x556b8d99fc30;  1 drivers
v0x556b8d99b010_0 .net "f14", 0 0, L_0x556b8d99ed60;  1 drivers
v0x556b8d99b0d0_0 .net "f15", 0 0, L_0x556b8d9a1710;  1 drivers
v0x556b8d99b190_0 .net "i1", 0 0, o0x7fa58c6141e8;  0 drivers
v0x556b8d99b250_0 .net "i11", 0 0, o0x7fa58c614218;  0 drivers
v0x556b8d99b310_0 .net "i13", 0 0, o0x7fa58c614248;  0 drivers
v0x556b8d99b3d0_0 .net "i16", 0 0, o0x7fa58c614278;  0 drivers
v0x556b8d99b490_0 .net "i2", 0 0, o0x7fa58c6142a8;  0 drivers
v0x556b8d99b550_0 .net "i3", 0 0, o0x7fa58c6142d8;  0 drivers
v0x556b8d99b610_0 .net "i4", 0 0, o0x7fa58c614308;  0 drivers
v0x556b8d99b6d0_0 .net "i5", 0 0, o0x7fa58c614338;  0 drivers
v0x556b8d99b790_0 .net "i6", 0 0, o0x7fa58c614368;  0 drivers
v0x556b8d99b850_0 .net "i7", 0 0, o0x7fa58c614398;  0 drivers
v0x556b8d99b910_0 .net "i8", 0 0, o0x7fa58c6143c8;  0 drivers
v0x556b8d99b9d0_0 .net "i9", 0 0, o0x7fa58c6143f8;  0 drivers
v0x556b8d99ba90_0 .net "o12", 0 0, L_0x556b8d99e1a0;  1 drivers
v0x556b8d99bb50_0 .net "o14", 0 0, L_0x556b8d99eac0;  1 drivers
v0x556b8d99bc10_0 .net "o15", 0 0, L_0x556b8d9a13a0;  1 drivers
v0x556b8d99bcd0_0 .net "o17", 0 0, L_0x556b8d9a1e60;  1 drivers
v0x556b8d99bd90_0 .net "o18", 0 0, L_0x556b8d9a2b80;  1 drivers
v0x556b8d99be50_0 .net "o19", 0 0, L_0x556b8d9a6390;  1 drivers
# The file index is used to find the file name in the following table.
:file_names 3;
    "N/A";
    "<interactive>";
    "k053327_D20.v";
